  
    ###################################################################################################
    #                                                                                                 #
    #                 *         *      * *             *        * * * * *  *                          #
    #                  *       *     *                 *            *      *                          #
    #                   *     *     *       * * * * *  *            *      *                          #
    #                    *   *       *                 *            *      *                          #
    #                      *           * *             * * * *      *      * * * *                    #
    #                                                                                                 #
    ###################################################################################################
    
    VC-LTL Path      : S:\VSGIT\ShirakanaTTSUI\packages\VC-LTL.5.0.5\build\native\
    VC Tools Version : 14.33.31629
    WindowsTargetPlatformMinVersion : 6.0.6000.0
    Platform         : x64
  
  MainWindow.cpp
S:\VSGIT\ShirakanaTTSUI\ShirakanaTTSUI\Window\MioShirakanaTensor.hpp(1,1): warning C4819: 该文件包含不能在当前代码页(936)中表示的字符。请将该文件保存为 Unicode 格式以防止数据丢失
S:\VSGIT\ShirakanaTTSUI\ShirakanaTTSUI\Window\MainWindow.cpp(674,29): warning C4101: “_exception”: 未引用的局部变量
S:\VSGIT\ShirakanaTTSUI\ShirakanaTTSUI\Window\MainWindow.cpp(1105,96): warning C4267: “参数”: 从“size_t”转换到“DWORD”，可能丢失数据
S:\VSGIT\ShirakanaTTSUI\ShirakanaTTSUI\Window\MainWindow.cpp(1277,96): warning C4267: “参数”: 从“size_t”转换到“DWORD”，可能丢失数据
S:\VSGIT\ShirakanaTTSUI\ShirakanaTTSUI\Window\MioShirakanaTensor.hpp(334,36): warning C4244: “参数”: 从“float”转换到“int”，可能丢失数据
S:\VSGIT\ShirakanaTTSUI\ShirakanaTTSUI\Window\MioShirakanaTensor.hpp(722): message : 查看对正在编译的函数 模板 实例化“MTensor STensor::getZero<float>(std::vector<Mui::_m_param,std::allocator<Mui::_m_param>> &,Ort::MemoryInfo &,std::vector<void *,std::allocator<void *>> &)”的引用
S:\VSGIT\ShirakanaTTSUI\ShirakanaTTSUI\Window\MioShirakanaTensor.hpp(346,36): warning C4244: “参数”: 从“float”转换到“int”，可能丢失数据
S:\VSGIT\ShirakanaTTSUI\ShirakanaTTSUI\Window\MainWindow.cpp(954): message : 查看对正在编译的函数 模板 实例化“MTensor STensor::getZero<float>(std::vector<Mui::_m_param,std::allocator<Mui::_m_param>> &&,Ort::MemoryInfo &,std::vector<void *,std::allocator<void *>> &)”的引用
S:\VSGIT\ShirakanaTTSUI\ShirakanaTTSUI\Window\MioShirakanaTensor.hpp(653,11): warning C4018: “>”: 有符号/无符号不匹配
S:\VSGIT\ShirakanaTTSUI\ShirakanaTTSUI\Window\MainWindow.cpp(973): message : 查看对正在编译的函数 模板 实例化“MTensor STensor::unsqueezeCopy<float>(MTensor &,int64,int64,Ort::MemoryInfo &,std::vector<void *,std::allocator<void *>> &)”的引用
S:\VSGIT\ShirakanaTTSUI\ShirakanaTTSUI\Window\MioShirakanaTensor.hpp(685,11): warning C4018: “>”: 有符号/无符号不匹配
S:\VSGIT\ShirakanaTTSUI\ShirakanaTTSUI\Window\MainWindow.cpp(979): message : 查看对正在编译的函数 模板 实例化“MTensor STensor::unsqueezeNoCopy<float>(MTensor &,int64,int64,Ort::MemoryInfo &)”的引用
LINK : warning LNK4098: 默认库“LIBCMTD”与其他库的使用冲突；请使用 /NODEFAULTLIB:library
  正在生成代码
  14 of 7051 functions ( 0.2%) were compiled, the rest were copied from previous compilation.
    0 functions were new in current compilation
    31 functions had inline decision re-evaluated but remain unchanged
  已完成代码的生成
  ShirakanaTTSUI.vcxproj -> S:\VSGIT\ShirakanaTTSUI\Build\x64\Release\Mio-TTS.exe
